<?xml version="1.0" encoding="UTF-8"?>
<!-- Generated by org.testng.reporters.JUnitReportReporter -->
<testsuite hostname="kavya" failures="0" tests="2" name="testngpractice.Parallel" time="16.556" errors="0" timestamp="2022-09-07T11:25:20 IST" skipped="0">
  <testcase classname="testngpractice.Parallel" name="demo" time="8.987"/>
  <system-out/>
  <testcase classname="testngpractice.Parallel" name="demo" time="7.569"/>
  <system-out/>
</testsuite> <!-- testngpractice.Parallel -->
