<?xml version="1.0" encoding="UTF-8"?>
<!-- Generated by org.testng.reporters.JUnitReportReporter -->
<testsuite hostname="kavya" failures="0" tests="1" name="testNG.Tc2" time="7.856" errors="0" timestamp="2022-07-03T16:51:33 IST" skipped="0">
  <testcase classname="testNG.Tc2" name="tc2" time="7.856"/>
  <system-out/>
</testsuite> <!-- testNG.Tc2 -->
