<?xml version="1.0" encoding="UTF-8"?>
<!-- Generated by org.testng.reporters.JUnitReportReporter -->
<testsuite hostname="kavya" failures="0" tests="1" name="testngpractice.Annotations" time="6.892" errors="0" timestamp="2022-09-07T08:55:42 IST" skipped="0">
  <testcase classname="testngpractice.Annotations" name="demo" time="6.892"/>
  <system-out/>
</testsuite> <!-- testngpractice.Annotations -->
