<?xml version="1.0" encoding="UTF-8"?>
<!-- Generated by org.testng.reporters.JUnitReportReporter -->
<testsuite hostname="kavya" failures="0" tests="1" name="testNG.Tc3" time="18.998" errors="0" timestamp="2022-07-03T17:27:54 IST" skipped="0">
  <testcase classname="testNG.Tc3" name="tc3" time="18.998"/>
  <system-out/>
</testsuite> <!-- testNG.Tc3 -->
