<?xml version="1.0" encoding="UTF-8"?>
<!-- Generated by org.testng.reporters.JUnitReportReporter -->
<testsuite hostname="kavya" failures="0" tests="7" name="testngpractice.InvocationCount" time="0.023" errors="0" timestamp="2022-09-07T08:44:26 IST" skipped="0">
  <testcase classname="testngpractice.InvocationCount" name="call" time="0.002"/>
  <system-out>
    <![CDATA[hello]]>
  </system-out>
  <testcase classname="testngpractice.InvocationCount" name="call" time="0.001"/>
  <system-out>
    <![CDATA[hello]]>
  </system-out>
  <testcase classname="testngpractice.InvocationCount" name="call" time="0.002"/>
  <system-out>
    <![CDATA[hello]]>
  </system-out>
  <testcase classname="testngpractice.InvocationCount" name="call" time="0.014"/>
  <system-out>
    <![CDATA[hello]]>
  </system-out>
  <testcase classname="testngpractice.InvocationCount" name="call" time="0.001"/>
  <system-out>
    <![CDATA[hello]]>
  </system-out>
  <testcase classname="testngpractice.InvocationCount" name="chat" time="0.002"/>
  <system-out>
    <![CDATA[hi]]>
  </system-out>
  <testcase classname="testngpractice.InvocationCount" name="chat" time="0.001"/>
  <system-out>
    <![CDATA[hi]]>
  </system-out>
</testsuite> <!-- testngpractice.InvocationCount -->
