<?xml version="1.0" encoding="UTF-8"?>
<!-- Generated by org.testng.reporters.JUnitReportReporter -->
<testsuite hostname="kavya" failures="0" tests="5" name="testngpractice.Priority" time="0.024" errors="0" timestamp="2022-09-07T08:38:30 IST" skipped="0">
  <testcase classname="testngpractice.Priority" name="concal" time="0.017"/>
  <system-out>
    <![CDATA[Concall]]>
  </system-out>
  <testcase classname="testngpractice.Priority" name="vcall" time="0.002"/>
  <system-out>
    <![CDATA[Video call]]>
  </system-out>
  <testcase classname="testngpractice.Priority" name="calls" time="0.002"/>
  <system-out>
    <![CDATA[Calls]]>
  </system-out>
  <testcase classname="testngpractice.Priority" name="demo" time="0.002"/>
  <system-out>
    <![CDATA[Settings]]>
  </system-out>
  <testcase classname="testngpractice.Priority" name="chats" time="0.001"/>
  <system-out>
    <![CDATA[Chatting]]>
  </system-out>
</testsuite> <!-- testngpractice.Priority -->
