<?xml version="1.0" encoding="UTF-8"?>
<!-- Generated by org.testng.reporters.JUnitReportReporter -->
<testsuite hostname="kavya" failures="0" tests="2" name="testngpractice.SkipTestcases" time="0.013" errors="0" timestamp="2022-09-07T08:46:36 IST" skipped="1">
  <testcase classname="testngpractice.SkipTestcases" name="chatts" time="0.013"/>
  <system-out>
    <![CDATA[hi]]>
  </system-out>
  <testcase classname="testngpractice.SkipTestcases" name="calls">
    <skipped/>
  </testcase> <!-- calls -->
  <system-out/>
</testsuite> <!-- testngpractice.SkipTestcases -->
