<?xml version="1.0" encoding="UTF-8"?>
<!-- Generated by org.testng.reporters.JUnitReportReporter -->
<testsuite hostname="kavya" failures="0" tests="1" name="seleniumpractice.Test1" time="10.971" errors="0" timestamp="2022-09-06T09:31:30 IST" skipped="0">
  <testcase classname="seleniumpractice.Test1" name="demo" time="10.971"/>
  <system-out/>
</testsuite> <!-- seleniumpractice.Test1 -->
