<?xml version="1.0" encoding="UTF-8"?>
<!-- Generated by org.testng.reporters.JUnitReportReporter -->
<testsuite hostname="kavya" failures="0" tests="1" name="testngpractice.GenerateReport" time="0.016" errors="0" timestamp="2022-09-07T08:26:24 IST" skipped="0">
  <testcase classname="testngpractice.GenerateReport" name="demo" time="0.016"/>
  <system-out>
    <![CDATA[Hi
hello]]>
  </system-out>
</testsuite> <!-- testngpractice.GenerateReport -->
