<?xml version="1.0" encoding="UTF-8"?>
<!-- Generated by org.testng.reporters.JUnitReportReporter -->
<testsuite hostname="kavya" failures="0" tests="1" name="testNG.Testc1" time="7.451" errors="0" timestamp="2022-07-03T17:32:38 IST" skipped="0">
  <testcase classname="testNG.Testc1" name="testc1" time="7.451"/>
  <system-out/>
</testsuite> <!-- testNG.Testc1 -->
