<?xml version="1.0" encoding="UTF-8"?>
<!-- Generated by org.testng.reporters.JUnitReportReporter -->
<testsuite hostname="kavya" failures="0" tests="1" name="testNG.Testc2" time="3.938" errors="0" timestamp="2022-07-03T17:32:38 IST" skipped="0">
  <testcase classname="testNG.Testc2" name="testc2" time="3.938"/>
  <system-out/>
</testsuite> <!-- testNG.Testc2 -->
