<?xml version="1.0" encoding="UTF-8"?>
<!-- Generated by org.testng.reporters.JUnitReportReporter -->
<testsuite hostname="kavya" failures="0" tests="1" name="testNG.Test0" time="0.032" errors="0" timestamp="2022-07-05T18:03:23 IST" skipped="0">
  <testcase classname="testNG.Test0" name="demo" time="0.032"/>
  <system-out>
    <![CDATA[hello java
hello seleniun]]>
  </system-out>
</testsuite> <!-- testNG.Test0 -->
