<?xml version="1.0" encoding="UTF-8"?>
<!-- Generated by org.testng.reporters.JUnitReportReporter -->
<testsuite hostname="kavya" failures="0" tests="1" name="webtable.Test1" time="9.057" errors="0" timestamp="2022-09-06T16:19:14 IST" skipped="0">
  <testcase classname="webtable.Test1" name="demo" time="9.057"/>
  <system-out/>
</testsuite> <!-- webtable.Test1 -->
