<?xml version="1.0" encoding="UTF-8"?>
<!-- Generated by org.testng.reporters.JUnitReportReporter -->
<testsuite hostname="kavya" failures="0" tests="1" name="testngpractice.Asserts" time="6.953" errors="0" timestamp="2022-09-07T11:49:32 IST" skipped="0">
  <testcase classname="testngpractice.Asserts" name="demo" time="6.953"/>
  <system-out>
    <![CDATA[Google]]>
  </system-out>
</testsuite> <!-- testngpractice.Asserts -->
