<?xml version="1.0" encoding="UTF-8"?>
<!-- Generated by org.testng.reporters.JUnitReportReporter -->
<testsuite hostname="kavya" failures="0" tests="1" name="testNG.Testcase2" time="6.452" errors="0" timestamp="2022-09-07T11:15:36 IST" skipped="0">
  <testcase classname="testNG.Testcase2" name="tc2" time="6.452"/>
  <system-out>
    <![CDATA[Forgotten Password | Can't Log In | Facebook
https://www.facebook.com/login/identify/?ctx=recover&ars=facebook_login&from_login_screen=0]]>
  </system-out>
</testsuite> <!-- testNG.Testcase2 -->
