<?xml version="1.0" encoding="UTF-8"?>
<!-- Generated by org.testng.reporters.JUnitReportReporter -->
<testsuite hostname="kavya" failures="0" tests="1" name="seleniumpractice.Test3" time="33.465" errors="0" timestamp="2022-09-06T09:54:56 IST" skipped="0">
  <testcase classname="seleniumpractice.Test3" name="demo" time="33.465"/>
  <system-out/>
</testsuite> <!-- seleniumpractice.Test3 -->
