<?xml version="1.0" encoding="UTF-8"?>
<!-- Generated by org.testng.reporters.JUnitReportReporter -->
<testsuite hostname="kavya" failures="0" tests="7" name="testNG.Test1" time="0.006" errors="0" timestamp="2022-07-03T17:27:54 IST" skipped="1">
  <testcase classname="testNG.Test1" name="chats" time="0.001"/>
  <system-out>
    <![CDATA[chats]]>
  </system-out>
  <testcase classname="testNG.Test1" name="calls" time="0.002"/>
  <system-out>
    <![CDATA[calls]]>
  </system-out>
  <testcase classname="testNG.Test1" name="calls" time="0.001"/>
  <system-out>
    <![CDATA[calls]]>
  </system-out>
  <testcase classname="testNG.Test1" name="calls" time="0.000"/>
  <system-out>
    <![CDATA[calls]]>
  </system-out>
  <testcase classname="testNG.Test1" name="calls" time="0.001"/>
  <system-out>
    <![CDATA[calls]]>
  </system-out>
  <testcase classname="testNG.Test1" name="calls" time="0.001"/>
  <system-out>
    <![CDATA[calls]]>
  </system-out>
  <testcase classname="testNG.Test1" name="settings">
    <skipped/>
  </testcase> <!-- settings -->
  <system-out/>
</testsuite> <!-- testNG.Test1 -->
